[0.398s] DEBUG:colcon:Command line arguments: ['/usr/bin/colcon', 'build', '--symlink-install']
[0.398s] DEBUG:colcon:Parsed command line arguments: Namespace(log_base=None, log_level=None, verb_name='build', build_base='build', install_base='install', merge_install=False, symlink_install=True, test_result_base=None, continue_on_error=False, executor='parallel', parallel_workers=8, event_handlers=None, ignore_user_meta=False, metas=['./colcon.meta'], base_paths=['.'], packages_ignore=None, packages_ignore_regex=None, paths=None, packages_up_to=None, packages_up_to_regex=None, packages_above=None, packages_above_and_dependencies=None, packages_above_depth=None, packages_select_by_dep=None, packages_skip_by_dep=None, packages_skip_up_to=None, packages_select_build_failed=False, packages_skip_build_finished=False, packages_select_test_failures=False, packages_skip_test_passed=False, packages_select=None, packages_skip=None, packages_select_regex=None, packages_skip_regex=None, packages_start=None, packages_end=None, allow_overriding=[], cmake_args=None, cmake_target=None, cmake_target_skip_unavailable=False, cmake_clean_cache=False, cmake_clean_first=False, cmake_force_configure=False, ament_cmake_args=None, catkin_cmake_args=None, catkin_skip_building_tests=False, verb_parser=<colcon_defaults.argument_parser.defaults.DefaultArgumentsDecorator object at 0x751a18413b80>, verb_extension=<colcon_core.verb.build.BuildVerb object at 0x751a185c1180>, main=<bound method BuildVerb.main of <colcon_core.verb.build.BuildVerb object at 0x751a185c1180>>)
[0.567s] Level 1:colcon.colcon_core.package_discovery:discover_packages(colcon_meta) check parameters
[0.567s] Level 1:colcon.colcon_core.package_discovery:discover_packages(recursive) check parameters
[0.567s] Level 1:colcon.colcon_core.package_discovery:discover_packages(ignore) check parameters
[0.567s] Level 1:colcon.colcon_core.package_discovery:discover_packages(path) check parameters
[0.567s] Level 1:colcon.colcon_core.package_discovery:discover_packages(colcon_meta) discover
[0.567s] Level 1:colcon.colcon_core.package_discovery:discover_packages(recursive) discover
[0.567s] INFO:colcon.colcon_core.package_discovery:Crawling recursively for packages in '/home/chia/spider_ws'
[0.567s] Level 1:colcon.colcon_core.package_identification:_identify(.) by extensions ['ignore', 'ignore_ament_install']
[0.567s] Level 1:colcon.colcon_core.package_identification:_identify(.) by extension 'ignore'
[0.567s] Level 1:colcon.colcon_core.package_identification:_identify(.) by extension 'ignore_ament_install'
[0.567s] Level 1:colcon.colcon_core.package_identification:_identify(.) by extensions ['colcon_pkg']
[0.567s] Level 1:colcon.colcon_core.package_identification:_identify(.) by extension 'colcon_pkg'
[0.567s] Level 1:colcon.colcon_core.package_identification:_identify(.) by extensions ['colcon_meta']
[0.567s] Level 1:colcon.colcon_core.package_identification:_identify(.) by extension 'colcon_meta'
[0.567s] Level 1:colcon.colcon_core.package_identification:_identify(.) by extensions ['ros']
[0.567s] Level 1:colcon.colcon_core.package_identification:_identify(.) by extension 'ros'
[0.581s] Level 1:colcon.colcon_core.package_identification:_identify(.) by extensions ['cmake', 'python']
[0.581s] Level 1:colcon.colcon_core.package_identification:_identify(.) by extension 'cmake'
[0.581s] Level 1:colcon.colcon_core.package_identification:_identify(.) by extension 'python'
[0.581s] Level 1:colcon.colcon_core.package_identification:_identify(.) by extensions ['python_setup_py']
[0.581s] Level 1:colcon.colcon_core.package_identification:_identify(.) by extension 'python_setup_py'
[0.581s] Level 1:colcon.colcon_core.package_identification:_identify(build) by extensions ['ignore', 'ignore_ament_install']
[0.582s] Level 1:colcon.colcon_core.package_identification:_identify(build) by extension 'ignore'
[0.582s] Level 1:colcon.colcon_core.package_identification:_identify(build) ignored
[0.582s] Level 1:colcon.colcon_core.package_identification:_identify(install) by extensions ['ignore', 'ignore_ament_install']
[0.582s] Level 1:colcon.colcon_core.package_identification:_identify(install) by extension 'ignore'
[0.582s] Level 1:colcon.colcon_core.package_identification:_identify(install) ignored
[0.582s] Level 1:colcon.colcon_core.package_identification:_identify(log) by extensions ['ignore', 'ignore_ament_install']
[0.582s] Level 1:colcon.colcon_core.package_identification:_identify(log) by extension 'ignore'
[0.582s] Level 1:colcon.colcon_core.package_identification:_identify(log) ignored
[0.583s] Level 1:colcon.colcon_core.package_identification:_identify(src) by extensions ['ignore', 'ignore_ament_install']
[0.583s] Level 1:colcon.colcon_core.package_identification:_identify(src) by extension 'ignore'
[0.583s] Level 1:colcon.colcon_core.package_identification:_identify(src) by extension 'ignore_ament_install'
[0.583s] Level 1:colcon.colcon_core.package_identification:_identify(src) by extensions ['colcon_pkg']
[0.583s] Level 1:colcon.colcon_core.package_identification:_identify(src) by extension 'colcon_pkg'
[0.583s] Level 1:colcon.colcon_core.package_identification:_identify(src) by extensions ['colcon_meta']
[0.583s] Level 1:colcon.colcon_core.package_identification:_identify(src) by extension 'colcon_meta'
[0.583s] Level 1:colcon.colcon_core.package_identification:_identify(src) by extensions ['ros']
[0.583s] Level 1:colcon.colcon_core.package_identification:_identify(src) by extension 'ros'
[0.583s] Level 1:colcon.colcon_core.package_identification:_identify(src) by extensions ['cmake', 'python']
[0.583s] Level 1:colcon.colcon_core.package_identification:_identify(src) by extension 'cmake'
[0.583s] Level 1:colcon.colcon_core.package_identification:_identify(src) by extension 'python'
[0.583s] Level 1:colcon.colcon_core.package_identification:_identify(src) by extensions ['python_setup_py']
[0.583s] Level 1:colcon.colcon_core.package_identification:_identify(src) by extension 'python_setup_py'
[0.583s] Level 1:colcon.colcon_core.package_identification:_identify(src/spider_bot) by extensions ['ignore', 'ignore_ament_install']
[0.583s] Level 1:colcon.colcon_core.package_identification:_identify(src/spider_bot) by extension 'ignore'
[0.583s] Level 1:colcon.colcon_core.package_identification:_identify(src/spider_bot) by extension 'ignore_ament_install'
[0.583s] Level 1:colcon.colcon_core.package_identification:_identify(src/spider_bot) by extensions ['colcon_pkg']
[0.583s] Level 1:colcon.colcon_core.package_identification:_identify(src/spider_bot) by extension 'colcon_pkg'
[0.583s] Level 1:colcon.colcon_core.package_identification:_identify(src/spider_bot) by extensions ['colcon_meta']
[0.583s] Level 1:colcon.colcon_core.package_identification:_identify(src/spider_bot) by extension 'colcon_meta'
[0.583s] Level 1:colcon.colcon_core.package_identification:_identify(src/spider_bot) by extensions ['ros']
[0.583s] Level 1:colcon.colcon_core.package_identification:_identify(src/spider_bot) by extension 'ros'
[0.586s] DEBUG:colcon.colcon_core.package_identification:Package 'src/spider_bot' with type 'ros.ament_python' and name 'spider_bot'
[0.586s] Level 1:colcon.colcon_core.package_discovery:discover_packages(recursive) using defaults
[0.586s] Level 1:colcon.colcon_core.package_discovery:discover_packages(ignore) discover
[0.586s] Level 1:colcon.colcon_core.package_discovery:discover_packages(ignore) using defaults
[0.586s] Level 1:colcon.colcon_core.package_discovery:discover_packages(path) discover
[0.586s] Level 1:colcon.colcon_core.package_discovery:discover_packages(path) using defaults
[0.615s] Level 1:colcon.colcon_core.package_discovery:discover_packages(prefix_path) check parameters
[0.615s] Level 1:colcon.colcon_core.package_discovery:discover_packages(prefix_path) discover
[0.618s] DEBUG:colcon.colcon_installed_package_information.package_discovery:Found 327 installed packages in /opt/ros/humble
[0.637s] Level 1:colcon.colcon_core.package_discovery:discover_packages(prefix_path) using defaults
[0.699s] Level 5:colcon.colcon_core.verb:set package 'spider_bot' build argument 'cmake_args' from command line to 'None'
[0.699s] Level 5:colcon.colcon_core.verb:set package 'spider_bot' build argument 'cmake_target' from command line to 'None'
[0.699s] Level 5:colcon.colcon_core.verb:set package 'spider_bot' build argument 'cmake_target_skip_unavailable' from command line to 'False'
[0.699s] Level 5:colcon.colcon_core.verb:set package 'spider_bot' build argument 'cmake_clean_cache' from command line to 'False'
[0.699s] Level 5:colcon.colcon_core.verb:set package 'spider_bot' build argument 'cmake_clean_first' from command line to 'False'
[0.699s] Level 5:colcon.colcon_core.verb:set package 'spider_bot' build argument 'cmake_force_configure' from command line to 'False'
[0.699s] Level 5:colcon.colcon_core.verb:set package 'spider_bot' build argument 'ament_cmake_args' from command line to 'None'
[0.699s] Level 5:colcon.colcon_core.verb:set package 'spider_bot' build argument 'catkin_cmake_args' from command line to 'None'
[0.699s] Level 5:colcon.colcon_core.verb:set package 'spider_bot' build argument 'catkin_skip_building_tests' from command line to 'False'
[0.699s] DEBUG:colcon.colcon_core.verb:Building package 'spider_bot' with the following arguments: {'ament_cmake_args': None, 'build_base': '/home/chia/spider_ws/build/spider_bot', 'catkin_cmake_args': None, 'catkin_skip_building_tests': False, 'cmake_args': None, 'cmake_clean_cache': False, 'cmake_clean_first': False, 'cmake_force_configure': False, 'cmake_target': None, 'cmake_target_skip_unavailable': False, 'install_base': '/home/chia/spider_ws/install/spider_bot', 'merge_install': False, 'path': '/home/chia/spider_ws/src/spider_bot', 'symlink_install': True, 'test_result_base': None}
[0.700s] INFO:colcon.colcon_core.executor:Executing jobs using 'parallel' executor
[0.702s] DEBUG:colcon.colcon_parallel_executor.executor.parallel:run_until_complete
[0.702s] INFO:colcon.colcon_ros.task.ament_python.build:Building ROS package in '/home/chia/spider_ws/src/spider_bot' with build type 'ament_python'
[0.703s] Level 1:colcon.colcon_core.shell:create_environment_hook('spider_bot', 'ament_prefix_path')
[0.709s] INFO:colcon.colcon_core.plugin_system:Skipping extension 'colcon_core.shell.bat': Not used on non-Windows systems
[0.709s] INFO:colcon.colcon_core.shell:Creating environment hook '/home/chia/spider_ws/install/spider_bot/share/spider_bot/hook/ament_prefix_path.ps1'
[0.712s] INFO:colcon.colcon_core.shell:Creating environment descriptor '/home/chia/spider_ws/install/spider_bot/share/spider_bot/hook/ament_prefix_path.dsv'
[0.716s] INFO:colcon.colcon_core.shell:Creating environment hook '/home/chia/spider_ws/install/spider_bot/share/spider_bot/hook/ament_prefix_path.sh'
[0.717s] INFO:colcon.colcon_core.shell:Skip shell extension 'powershell' for command environment: Not usable outside of PowerShell
[0.718s] DEBUG:colcon.colcon_core.shell:Skip shell extension 'dsv' for command environment
[1.115s] INFO:colcon.colcon_core.task.python.build:Building Python package in '/home/chia/spider_ws/src/spider_bot'
[1.115s] INFO:colcon.colcon_core.shell:Skip shell extension 'powershell' for command environment: Not usable outside of PowerShell
[1.115s] DEBUG:colcon.colcon_core.shell:Skip shell extension 'dsv' for command environment
[1.678s] DEBUG:colcon.colcon_core.event_handler.log_command:Invoking command in '/home/chia/spider_ws/build/spider_bot': PYTHONPATH=/home/chia/spider_ws/build/spider_bot/prefix_override:/usr/lib/python3/dist-packages/colcon_core/task/python/colcon_distutils_commands:/home/chia/spider_ws/install/spider_bot/lib/python3.10/site-packages:${PYTHONPATH} /usr/bin/python3 -W ignore:setup.py install is deprecated -W ignore:easy_install command is deprecated setup.py develop --editable --build-directory /home/chia/spider_ws/build/spider_bot/build --no-deps symlink_data
[2.572s] Level 1:colcon.colcon_core.shell:create_environment_hook('spider_bot', 'pythonpath_develop')
[2.573s] DEBUG:colcon.colcon_core.event_handler.log_command:Invoked command in '/home/chia/spider_ws/build/spider_bot' returned '0': PYTHONPATH=/home/chia/spider_ws/build/spider_bot/prefix_override:/usr/lib/python3/dist-packages/colcon_core/task/python/colcon_distutils_commands:/home/chia/spider_ws/install/spider_bot/lib/python3.10/site-packages:${PYTHONPATH} /usr/bin/python3 -W ignore:setup.py install is deprecated -W ignore:easy_install command is deprecated setup.py develop --editable --build-directory /home/chia/spider_ws/build/spider_bot/build --no-deps symlink_data
[2.574s] INFO:colcon.colcon_core.shell:Creating environment hook '/home/chia/spider_ws/build/spider_bot/share/spider_bot/hook/pythonpath_develop.ps1'
[2.575s] INFO:colcon.colcon_core.shell:Creating environment descriptor '/home/chia/spider_ws/build/spider_bot/share/spider_bot/hook/pythonpath_develop.dsv'
[2.576s] INFO:colcon.colcon_core.shell:Creating environment hook '/home/chia/spider_ws/build/spider_bot/share/spider_bot/hook/pythonpath_develop.sh'
[2.580s] Level 1:colcon.colcon_core.environment:checking '/home/chia/spider_ws/install/spider_bot' for CMake module files
[2.584s] Level 1:colcon.colcon_core.environment:checking '/home/chia/spider_ws/install/spider_bot' for CMake config files
[2.586s] Level 1:colcon.colcon_core.environment:checking '/home/chia/spider_ws/install/spider_bot/lib'
[2.587s] Level 1:colcon.colcon_core.environment:checking '/home/chia/spider_ws/install/spider_bot/bin'
[2.588s] Level 1:colcon.colcon_core.environment:checking '/home/chia/spider_ws/install/spider_bot/lib/pkgconfig/spider_bot.pc'
[2.589s] Level 1:colcon.colcon_core.environment:checking '/home/chia/spider_ws/install/spider_bot/lib/python3.10/site-packages'
[2.590s] Level 1:colcon.colcon_core.shell:create_environment_hook('spider_bot', 'pythonpath')
[2.591s] INFO:colcon.colcon_core.shell:Creating environment hook '/home/chia/spider_ws/install/spider_bot/share/spider_bot/hook/pythonpath.ps1'
[2.592s] INFO:colcon.colcon_core.shell:Creating environment descriptor '/home/chia/spider_ws/install/spider_bot/share/spider_bot/hook/pythonpath.dsv'
[2.593s] INFO:colcon.colcon_core.shell:Creating environment hook '/home/chia/spider_ws/install/spider_bot/share/spider_bot/hook/pythonpath.sh'
[2.594s] Level 1:colcon.colcon_core.environment:checking '/home/chia/spider_ws/install/spider_bot/bin'
[2.594s] Level 1:colcon.colcon_core.environment:create_environment_scripts_only(spider_bot)
[2.595s] INFO:colcon.colcon_core.shell:Creating package script '/home/chia/spider_ws/install/spider_bot/share/spider_bot/package.ps1'
[2.597s] INFO:colcon.colcon_core.shell:Creating package descriptor '/home/chia/spider_ws/install/spider_bot/share/spider_bot/package.dsv'
[2.599s] INFO:colcon.colcon_core.shell:Creating package script '/home/chia/spider_ws/install/spider_bot/share/spider_bot/package.sh'
[2.600s] INFO:colcon.colcon_core.shell:Creating package script '/home/chia/spider_ws/install/spider_bot/share/spider_bot/package.bash'
[2.607s] INFO:colcon.colcon_core.shell:Creating package script '/home/chia/spider_ws/install/spider_bot/share/spider_bot/package.zsh'
[2.608s] Level 1:colcon.colcon_core.environment:create_file_with_runtime_dependencies(/home/chia/spider_ws/install/spider_bot/share/colcon-core/packages/spider_bot)
[2.609s] DEBUG:colcon.colcon_parallel_executor.executor.parallel:closing loop
[2.611s] DEBUG:colcon.colcon_parallel_executor.executor.parallel:loop closed
[2.613s] DEBUG:colcon.colcon_parallel_executor.executor.parallel:run_until_complete finished with '0'
[2.614s] DEBUG:colcon.colcon_core.event_reactor:joining thread
[2.878s] INFO:colcon.colcon_core.plugin_system:Skipping extension 'colcon_notification.desktop_notification.notify_send': Could not find 'notify-send'
[2.878s] INFO:colcon.colcon_core.plugin_system:Skipping extension 'colcon_notification.desktop_notification.terminal_notifier': Not used on non-Darwin systems
[2.878s] INFO:colcon.colcon_core.plugin_system:Skipping extension 'colcon_notification.desktop_notification.win32': Not used on non-Windows systems
[2.878s] INFO:colcon.colcon_notification.desktop_notification:Sending desktop notification using 'notify2'
[2.879s] DEBUG:colcon.colcon_notification.desktop_notification.notify2:Failed to initialize notify2: org.freedesktop.DBus.Error.FileNotFound: Failed to connect to socket /run/user/1000/bus: No such file or directory
[2.879s] DEBUG:colcon.colcon_core.event_reactor:joined thread
[2.880s] INFO:colcon.colcon_core.shell:Creating prefix script '/home/chia/spider_ws/install/local_setup.ps1'
[2.881s] INFO:colcon.colcon_core.shell:Creating prefix util module '/home/chia/spider_ws/install/_local_setup_util_ps1.py'
[2.882s] INFO:colcon.colcon_core.shell:Creating prefix chain script '/home/chia/spider_ws/install/setup.ps1'
[2.884s] INFO:colcon.colcon_core.shell:Creating prefix script '/home/chia/spider_ws/install/local_setup.sh'
[2.885s] INFO:colcon.colcon_core.shell:Creating prefix util module '/home/chia/spider_ws/install/_local_setup_util_sh.py'
[2.887s] INFO:colcon.colcon_core.shell:Creating prefix chain script '/home/chia/spider_ws/install/setup.sh'
[2.888s] INFO:colcon.colcon_core.shell:Creating prefix script '/home/chia/spider_ws/install/local_setup.bash'
[2.889s] INFO:colcon.colcon_core.shell:Creating prefix chain script '/home/chia/spider_ws/install/setup.bash'
[2.891s] INFO:colcon.colcon_core.shell:Creating prefix script '/home/chia/spider_ws/install/local_setup.zsh'
[2.892s] INFO:colcon.colcon_core.shell:Creating prefix chain script '/home/chia/spider_ws/install/setup.zsh'
