[0.305s] DEBUG:colcon:Command line arguments: ['/usr/bin/colcon', 'build', '--symlink-install']
[0.305s] DEBUG:colcon:Parsed command line arguments: Namespace(log_base=None, log_level=None, verb_name='build', build_base='build', install_base='install', merge_install=False, symlink_install=True, test_result_base=None, continue_on_error=False, executor='parallel', parallel_workers=8, event_handlers=None, ignore_user_meta=False, metas=['./colcon.meta'], base_paths=['.'], packages_ignore=None, packages_ignore_regex=None, paths=None, packages_up_to=None, packages_up_to_regex=None, packages_above=None, packages_above_and_dependencies=None, packages_above_depth=None, packages_select_by_dep=None, packages_skip_by_dep=None, packages_skip_up_to=None, packages_select_build_failed=False, packages_skip_build_finished=False, packages_select_test_failures=False, packages_skip_test_passed=False, packages_select=None, packages_skip=None, packages_select_regex=None, packages_skip_regex=None, packages_start=None, packages_end=None, allow_overriding=[], cmake_args=None, cmake_target=None, cmake_target_skip_unavailable=False, cmake_clean_cache=False, cmake_clean_first=False, cmake_force_configure=False, ament_cmake_args=None, catkin_cmake_args=None, catkin_skip_building_tests=False, verb_parser=<colcon_defaults.argument_parser.defaults.DefaultArgumentsDecorator object at 0x707335f1be80>, verb_extension=<colcon_core.verb.build.BuildVerb object at 0x7073360cd480>, main=<bound method BuildVerb.main of <colcon_core.verb.build.BuildVerb object at 0x7073360cd480>>)
[0.623s] Level 1:colcon.colcon_core.package_discovery:discover_packages(colcon_meta) check parameters
[0.623s] Level 1:colcon.colcon_core.package_discovery:discover_packages(recursive) check parameters
[0.623s] Level 1:colcon.colcon_core.package_discovery:discover_packages(ignore) check parameters
[0.623s] Level 1:colcon.colcon_core.package_discovery:discover_packages(path) check parameters
[0.623s] Level 1:colcon.colcon_core.package_discovery:discover_packages(colcon_meta) discover
[0.623s] Level 1:colcon.colcon_core.package_discovery:discover_packages(recursive) discover
[0.623s] INFO:colcon.colcon_core.package_discovery:Crawling recursively for packages in '/home/chia/spider_ws/src/spider_bot'
[0.624s] Level 1:colcon.colcon_core.package_identification:_identify(.) by extensions ['ignore', 'ignore_ament_install']
[0.624s] Level 1:colcon.colcon_core.package_identification:_identify(.) by extension 'ignore'
[0.624s] Level 1:colcon.colcon_core.package_identification:_identify(.) by extension 'ignore_ament_install'
[0.624s] Level 1:colcon.colcon_core.package_identification:_identify(.) by extensions ['colcon_pkg']
[0.624s] Level 1:colcon.colcon_core.package_identification:_identify(.) by extension 'colcon_pkg'
[0.624s] Level 1:colcon.colcon_core.package_identification:_identify(.) by extensions ['colcon_meta']
[0.624s] Level 1:colcon.colcon_core.package_identification:_identify(.) by extension 'colcon_meta'
[0.624s] Level 1:colcon.colcon_core.package_identification:_identify(.) by extensions ['ros']
[0.624s] Level 1:colcon.colcon_core.package_identification:_identify(.) by extension 'ros'
[0.647s] DEBUG:colcon.colcon_core.package_identification:Package '.' with type 'ros.ament_python' and name 'spider_bot'
[0.647s] Level 1:colcon.colcon_core.package_discovery:discover_packages(recursive) using defaults
[0.647s] Level 1:colcon.colcon_core.package_discovery:discover_packages(ignore) discover
[0.647s] Level 1:colcon.colcon_core.package_discovery:discover_packages(ignore) using defaults
[0.647s] Level 1:colcon.colcon_core.package_discovery:discover_packages(path) discover
[0.647s] Level 1:colcon.colcon_core.package_discovery:discover_packages(path) using defaults
[0.682s] Level 1:colcon.colcon_core.package_discovery:discover_packages(prefix_path) check parameters
[0.683s] Level 1:colcon.colcon_core.package_discovery:discover_packages(prefix_path) discover
[0.699s] DEBUG:colcon.colcon_installed_package_information.package_discovery:Found 332 installed packages in /opt/ros/humble
[0.700s] Level 1:colcon.colcon_core.package_discovery:discover_packages(prefix_path) using defaults
[0.806s] Level 5:colcon.colcon_core.verb:set package 'spider_bot' build argument 'cmake_args' from command line to 'None'
[0.806s] Level 5:colcon.colcon_core.verb:set package 'spider_bot' build argument 'cmake_target' from command line to 'None'
[0.806s] Level 5:colcon.colcon_core.verb:set package 'spider_bot' build argument 'cmake_target_skip_unavailable' from command line to 'False'
[0.806s] Level 5:colcon.colcon_core.verb:set package 'spider_bot' build argument 'cmake_clean_cache' from command line to 'False'
[0.806s] Level 5:colcon.colcon_core.verb:set package 'spider_bot' build argument 'cmake_clean_first' from command line to 'False'
[0.806s] Level 5:colcon.colcon_core.verb:set package 'spider_bot' build argument 'cmake_force_configure' from command line to 'False'
[0.806s] Level 5:colcon.colcon_core.verb:set package 'spider_bot' build argument 'ament_cmake_args' from command line to 'None'
[0.806s] Level 5:colcon.colcon_core.verb:set package 'spider_bot' build argument 'catkin_cmake_args' from command line to 'None'
[0.806s] Level 5:colcon.colcon_core.verb:set package 'spider_bot' build argument 'catkin_skip_building_tests' from command line to 'False'
[0.806s] DEBUG:colcon.colcon_core.verb:Building package 'spider_bot' with the following arguments: {'ament_cmake_args': None, 'build_base': '/home/chia/spider_ws/src/spider_bot/build/spider_bot', 'catkin_cmake_args': None, 'catkin_skip_building_tests': False, 'cmake_args': None, 'cmake_clean_cache': False, 'cmake_clean_first': False, 'cmake_force_configure': False, 'cmake_target': None, 'cmake_target_skip_unavailable': False, 'install_base': '/home/chia/spider_ws/src/spider_bot/install/spider_bot', 'merge_install': False, 'path': '/home/chia/spider_ws/src/spider_bot', 'symlink_install': True, 'test_result_base': None}
[0.806s] INFO:colcon.colcon_core.executor:Executing jobs using 'parallel' executor
[0.807s] DEBUG:colcon.colcon_parallel_executor.executor.parallel:run_until_complete
[0.808s] INFO:colcon.colcon_ros.task.ament_python.build:Building ROS package in '/home/chia/spider_ws/src/spider_bot' with build type 'ament_python'
[0.808s] Level 1:colcon.colcon_core.shell:create_environment_hook('spider_bot', 'ament_prefix_path')
[0.815s] INFO:colcon.colcon_core.plugin_system:Skipping extension 'colcon_core.shell.bat': Not used on non-Windows systems
[0.816s] INFO:colcon.colcon_core.shell:Creating environment hook '/home/chia/spider_ws/src/spider_bot/install/spider_bot/share/spider_bot/hook/ament_prefix_path.ps1'
[0.818s] INFO:colcon.colcon_core.shell:Creating environment descriptor '/home/chia/spider_ws/src/spider_bot/install/spider_bot/share/spider_bot/hook/ament_prefix_path.dsv'
[0.820s] INFO:colcon.colcon_core.shell:Creating environment hook '/home/chia/spider_ws/src/spider_bot/install/spider_bot/share/spider_bot/hook/ament_prefix_path.sh'
[0.821s] INFO:colcon.colcon_core.shell:Skip shell extension 'powershell' for command environment: Not usable outside of PowerShell
[0.821s] DEBUG:colcon.colcon_core.shell:Skip shell extension 'dsv' for command environment
[1.044s] INFO:colcon.colcon_core.task.python.build:Building Python package in '/home/chia/spider_ws/src/spider_bot'
[1.045s] INFO:colcon.colcon_core.shell:Skip shell extension 'powershell' for command environment: Not usable outside of PowerShell
[1.045s] DEBUG:colcon.colcon_core.shell:Skip shell extension 'dsv' for command environment
[1.627s] DEBUG:colcon.colcon_core.event_handler.log_command:Invoking command in '/home/chia/spider_ws/src/spider_bot/build/spider_bot': PYTHONPATH=/home/chia/spider_ws/src/spider_bot/build/spider_bot/prefix_override:/usr/lib/python3/dist-packages/colcon_core/task/python/colcon_distutils_commands:/home/chia/spider_ws/src/spider_bot/install/spider_bot/lib/python3.10/site-packages:${PYTHONPATH} /usr/bin/python3 -W ignore:setup.py install is deprecated -W ignore:easy_install command is deprecated setup.py develop --editable --build-directory /home/chia/spider_ws/src/spider_bot/build/spider_bot/build --no-deps symlink_data
[1.991s] Level 1:colcon.colcon_core.shell:create_environment_hook('spider_bot', 'pythonpath_develop')
[1.992s] INFO:colcon.colcon_core.shell:Creating environment hook '/home/chia/spider_ws/src/spider_bot/build/spider_bot/share/spider_bot/hook/pythonpath_develop.ps1'
[1.993s] DEBUG:colcon.colcon_core.event_handler.log_command:Invoked command in '/home/chia/spider_ws/src/spider_bot/build/spider_bot' returned '0': PYTHONPATH=/home/chia/spider_ws/src/spider_bot/build/spider_bot/prefix_override:/usr/lib/python3/dist-packages/colcon_core/task/python/colcon_distutils_commands:/home/chia/spider_ws/src/spider_bot/install/spider_bot/lib/python3.10/site-packages:${PYTHONPATH} /usr/bin/python3 -W ignore:setup.py install is deprecated -W ignore:easy_install command is deprecated setup.py develop --editable --build-directory /home/chia/spider_ws/src/spider_bot/build/spider_bot/build --no-deps symlink_data
[1.993s] INFO:colcon.colcon_core.shell:Creating environment descriptor '/home/chia/spider_ws/src/spider_bot/build/spider_bot/share/spider_bot/hook/pythonpath_develop.dsv'
[1.994s] INFO:colcon.colcon_core.shell:Creating environment hook '/home/chia/spider_ws/src/spider_bot/build/spider_bot/share/spider_bot/hook/pythonpath_develop.sh'
[2.003s] Level 1:colcon.colcon_core.environment:checking '/home/chia/spider_ws/src/spider_bot/install/spider_bot' for CMake module files
[2.003s] Level 1:colcon.colcon_core.environment:checking '/home/chia/spider_ws/src/spider_bot/install/spider_bot' for CMake config files
[2.004s] Level 1:colcon.colcon_core.environment:checking '/home/chia/spider_ws/src/spider_bot/install/spider_bot/lib'
[2.004s] Level 1:colcon.colcon_core.environment:checking '/home/chia/spider_ws/src/spider_bot/install/spider_bot/bin'
[2.004s] Level 1:colcon.colcon_core.environment:checking '/home/chia/spider_ws/src/spider_bot/install/spider_bot/lib/pkgconfig/spider_bot.pc'
[2.004s] Level 1:colcon.colcon_core.environment:checking '/home/chia/spider_ws/src/spider_bot/install/spider_bot/lib/python3.10/site-packages'
[2.005s] Level 1:colcon.colcon_core.shell:create_environment_hook('spider_bot', 'pythonpath')
[2.005s] INFO:colcon.colcon_core.shell:Creating environment hook '/home/chia/spider_ws/src/spider_bot/install/spider_bot/share/spider_bot/hook/pythonpath.ps1'
[2.005s] INFO:colcon.colcon_core.shell:Creating environment descriptor '/home/chia/spider_ws/src/spider_bot/install/spider_bot/share/spider_bot/hook/pythonpath.dsv'
[2.005s] INFO:colcon.colcon_core.shell:Creating environment hook '/home/chia/spider_ws/src/spider_bot/install/spider_bot/share/spider_bot/hook/pythonpath.sh'
[2.006s] Level 1:colcon.colcon_core.environment:checking '/home/chia/spider_ws/src/spider_bot/install/spider_bot/bin'
[2.006s] Level 1:colcon.colcon_core.environment:create_environment_scripts_only(spider_bot)
[2.006s] INFO:colcon.colcon_core.shell:Creating package script '/home/chia/spider_ws/src/spider_bot/install/spider_bot/share/spider_bot/package.ps1'
[2.008s] INFO:colcon.colcon_core.shell:Creating package descriptor '/home/chia/spider_ws/src/spider_bot/install/spider_bot/share/spider_bot/package.dsv'
[2.009s] INFO:colcon.colcon_core.shell:Creating package script '/home/chia/spider_ws/src/spider_bot/install/spider_bot/share/spider_bot/package.sh'
[2.010s] INFO:colcon.colcon_core.shell:Creating package script '/home/chia/spider_ws/src/spider_bot/install/spider_bot/share/spider_bot/package.bash'
[2.012s] INFO:colcon.colcon_core.shell:Creating package script '/home/chia/spider_ws/src/spider_bot/install/spider_bot/share/spider_bot/package.zsh'
[2.013s] Level 1:colcon.colcon_core.environment:create_file_with_runtime_dependencies(/home/chia/spider_ws/src/spider_bot/install/spider_bot/share/colcon-core/packages/spider_bot)
[2.014s] DEBUG:colcon.colcon_parallel_executor.executor.parallel:closing loop
[2.014s] DEBUG:colcon.colcon_parallel_executor.executor.parallel:loop closed
[2.014s] DEBUG:colcon.colcon_parallel_executor.executor.parallel:run_until_complete finished with '0'
[2.015s] DEBUG:colcon.colcon_core.event_reactor:joining thread
[2.075s] INFO:colcon.colcon_core.plugin_system:Skipping extension 'colcon_notification.desktop_notification.notify_send': Could not find 'notify-send'
[2.075s] INFO:colcon.colcon_core.plugin_system:Skipping extension 'colcon_notification.desktop_notification.terminal_notifier': Not used on non-Darwin systems
[2.075s] INFO:colcon.colcon_core.plugin_system:Skipping extension 'colcon_notification.desktop_notification.win32': Not used on non-Windows systems
[2.075s] INFO:colcon.colcon_notification.desktop_notification:Sending desktop notification using 'notify2'
[2.075s] DEBUG:colcon.colcon_notification.desktop_notification.notify2:Failed to initialize notify2: org.freedesktop.DBus.Error.FileNotFound: Failed to connect to socket /run/user/1000/bus: No such file or directory
[2.076s] DEBUG:colcon.colcon_core.event_reactor:joined thread
[2.076s] INFO:colcon.colcon_core.shell:Creating prefix script '/home/chia/spider_ws/src/spider_bot/install/local_setup.ps1'
[2.077s] INFO:colcon.colcon_core.shell:Creating prefix util module '/home/chia/spider_ws/src/spider_bot/install/_local_setup_util_ps1.py'
[2.079s] INFO:colcon.colcon_core.shell:Creating prefix chain script '/home/chia/spider_ws/src/spider_bot/install/setup.ps1'
[2.081s] INFO:colcon.colcon_core.shell:Creating prefix script '/home/chia/spider_ws/src/spider_bot/install/local_setup.sh'
[2.082s] INFO:colcon.colcon_core.shell:Creating prefix util module '/home/chia/spider_ws/src/spider_bot/install/_local_setup_util_sh.py'
[2.082s] INFO:colcon.colcon_core.shell:Creating prefix chain script '/home/chia/spider_ws/src/spider_bot/install/setup.sh'
[2.083s] INFO:colcon.colcon_core.shell:Creating prefix script '/home/chia/spider_ws/src/spider_bot/install/local_setup.bash'
[2.084s] INFO:colcon.colcon_core.shell:Creating prefix chain script '/home/chia/spider_ws/src/spider_bot/install/setup.bash'
[2.085s] INFO:colcon.colcon_core.shell:Creating prefix script '/home/chia/spider_ws/src/spider_bot/install/local_setup.zsh'
[2.085s] INFO:colcon.colcon_core.shell:Creating prefix chain script '/home/chia/spider_ws/src/spider_bot/install/setup.zsh'
