[1.039s] Invoking command in '/home/chia/spider_ws/build/spider_bot': PYTHONPATH=/home/chia/spider_ws/build/spider_bot/prefix_override:/usr/lib/python3/dist-packages/colcon_core/task/python/colcon_distutils_commands:/home/chia/spider_ws/install/spider_bot/lib/python3.10/site-packages:${PYTHONPATH} /usr/bin/python3 -W ignore:setup.py install is deprecated -W ignore:easy_install command is deprecated setup.py develop --editable --build-directory /home/chia/spider_ws/build/spider_bot/build --no-deps symlink_data
[1.360s] running develop
[1.562s] running egg_info
[1.563s] writing spider_bot.egg-info/PKG-INFO
[1.565s] writing dependency_links to spider_bot.egg-info/dependency_links.txt
[1.565s] writing entry points to spider_bot.egg-info/entry_points.txt
[1.565s] writing requirements to spider_bot.egg-info/requires.txt
[1.566s] writing top-level names to spider_bot.egg-info/top_level.txt
[1.569s] reading manifest file 'spider_bot.egg-info/SOURCES.txt'
[1.571s] writing manifest file 'spider_bot.egg-info/SOURCES.txt'
[1.574s] running build_ext
[1.574s] Creating /home/chia/spider_ws/install/spider_bot/lib/python3.10/site-packages/spider-bot.egg-link (link to .)
[1.575s] Installing imu_reader script to /home/chia/spider_ws/install/spider_bot/lib/spider_bot
[1.575s] Installing plot_thesis script to /home/chia/spider_ws/install/spider_bot/lib/spider_bot
[1.576s] Installing run script to /home/chia/spider_ws/install/spider_bot/lib/spider_bot
[1.577s] Installing spider_bot_control script to /home/chia/spider_ws/install/spider_bot/lib/spider_bot
[1.579s] Installing standup script to /home/chia/spider_ws/install/spider_bot/lib/spider_bot
[1.579s] Installing tank script to /home/chia/spider_ws/install/spider_bot/lib/spider_bot
[1.579s] Installing test_node script to /home/chia/spider_ws/install/spider_bot/lib/spider_bot
[1.580s] 
[1.580s] Installed /home/chia/spider_ws/build/spider_bot
[1.580s] running symlink_data
[1.581s] error: can't copy '/home/chia/spider_ws/build/spider_bot/config/bridge_params.yaml': doesn't exist or not a regular file
[1.632s] Invoked command in '/home/chia/spider_ws/build/spider_bot' returned '1': PYTHONPATH=/home/chia/spider_ws/build/spider_bot/prefix_override:/usr/lib/python3/dist-packages/colcon_core/task/python/colcon_distutils_commands:/home/chia/spider_ws/install/spider_bot/lib/python3.10/site-packages:${PYTHONPATH} /usr/bin/python3 -W ignore:setup.py install is deprecated -W ignore:easy_install command is deprecated setup.py develop --editable --build-directory /home/chia/spider_ws/build/spider_bot/build --no-deps symlink_data
