[0.818s] Invoking command in '/home/chia/spider_ws/src/spider_bot/build/spider_bot': PYTHONPATH=/home/chia/spider_ws/src/spider_bot/build/spider_bot/prefix_override:/usr/lib/python3/dist-packages/colcon_core/task/python/colcon_distutils_commands:/home/chia/spider_ws/src/spider_bot/install/spider_bot/lib/python3.10/site-packages:${PYTHONPATH} /usr/bin/python3 -W ignore:setup.py install is deprecated -W ignore:easy_install command is deprecated setup.py develop --editable --build-directory /home/chia/spider_ws/src/spider_bot/build/spider_bot/build --no-deps symlink_data
[1.027s] running develop
[1.141s] running egg_info
[1.141s] creating spider_bot.egg-info
[1.142s] writing spider_bot.egg-info/PKG-INFO
[1.142s] writing dependency_links to spider_bot.egg-info/dependency_links.txt
[1.143s] writing entry points to spider_bot.egg-info/entry_points.txt
[1.143s] writing requirements to spider_bot.egg-info/requires.txt
[1.143s] writing top-level names to spider_bot.egg-info/top_level.txt
[1.143s] writing manifest file 'spider_bot.egg-info/SOURCES.txt'
[1.145s] reading manifest file 'spider_bot.egg-info/SOURCES.txt'
[1.146s] writing manifest file 'spider_bot.egg-info/SOURCES.txt'
[1.147s] running build_ext
[1.147s] Creating /home/chia/spider_ws/src/spider_bot/install/spider_bot/lib/python3.10/site-packages/spider-bot.egg-link (link to .)
[1.148s] Installing imu_reader script to /home/chia/spider_ws/src/spider_bot/install/spider_bot/lib/spider_bot
[1.148s] Installing plot_thesis script to /home/chia/spider_ws/src/spider_bot/install/spider_bot/lib/spider_bot
[1.149s] Installing run script to /home/chia/spider_ws/src/spider_bot/install/spider_bot/lib/spider_bot
[1.149s] Installing spider_bot_control script to /home/chia/spider_ws/src/spider_bot/install/spider_bot/lib/spider_bot
[1.149s] Installing standup script to /home/chia/spider_ws/src/spider_bot/install/spider_bot/lib/spider_bot
[1.149s] Installing tank script to /home/chia/spider_ws/src/spider_bot/install/spider_bot/lib/spider_bot
[1.149s] Installing test_node script to /home/chia/spider_ws/src/spider_bot/install/spider_bot/lib/spider_bot
[1.150s] 
[1.150s] Installed /home/chia/spider_ws/src/spider_bot/build/spider_bot
[1.150s] running symlink_data
[1.150s] creating /home/chia/spider_ws/src/spider_bot/install/spider_bot/share/ament_index
[1.150s] creating /home/chia/spider_ws/src/spider_bot/install/spider_bot/share/ament_index/resource_index
[1.151s] creating /home/chia/spider_ws/src/spider_bot/install/spider_bot/share/ament_index/resource_index/packages
[1.151s] symbolically linking /home/chia/spider_ws/src/spider_bot/build/spider_bot/resource/spider_bot -> /home/chia/spider_ws/src/spider_bot/install/spider_bot/share/ament_index/resource_index/packages
[1.152s] symbolically linking /home/chia/spider_ws/src/spider_bot/build/spider_bot/package.xml -> /home/chia/spider_ws/src/spider_bot/install/spider_bot/share/spider_bot
[1.152s] symbolically linking /home/chia/spider_ws/src/spider_bot/build/spider_bot/models/model_1499.pt -> /home/chia/spider_ws/src/spider_bot/install/spider_bot/share/spider_bot
[1.152s] creating /home/chia/spider_ws/src/spider_bot/install/spider_bot/share/spider_bot/worlds
[1.152s] symbolically linking /home/chia/spider_ws/src/spider_bot/build/spider_bot/worlds/safe_terrain.world -> /home/chia/spider_ws/src/spider_bot/install/spider_bot/share/spider_bot/worlds
[1.152s] symbolically linking /home/chia/spider_ws/src/spider_bot/build/spider_bot/worlds/empty_high_friction.world -> /home/chia/spider_ws/src/spider_bot/install/spider_bot/share/spider_bot/worlds
[1.152s] symbolically linking /home/chia/spider_ws/src/spider_bot/build/spider_bot/worlds/rough_terrain.world -> /home/chia/spider_ws/src/spider_bot/install/spider_bot/share/spider_bot/worlds
[1.152s] creating /home/chia/spider_ws/src/spider_bot/install/spider_bot/share/spider_bot/launch
[1.153s] symbolically linking /home/chia/spider_ws/src/spider_bot/build/spider_bot/launch/spider_bot_control.launch.py -> /home/chia/spider_ws/src/spider_bot/install/spider_bot/share/spider_bot/launch
[1.153s] symbolically linking /home/chia/spider_ws/src/spider_bot/build/spider_bot/launch/gazebo_launch.py -> /home/chia/spider_ws/src/spider_bot/install/spider_bot/share/spider_bot/launch
[1.153s] symbolically linking /home/chia/spider_ws/src/spider_bot/build/spider_bot/launch/gazebo_new_launch.py -> /home/chia/spider_ws/src/spider_bot/install/spider_bot/share/spider_bot/launch
[1.153s] creating /home/chia/spider_ws/src/spider_bot/install/spider_bot/share/spider_bot/config
[1.154s] symbolically linking /home/chia/spider_ws/src/spider_bot/build/spider_bot/config/spider_bot_controllers.yaml -> /home/chia/spider_ws/src/spider_bot/install/spider_bot/share/spider_bot/config
[1.154s] symbolically linking /home/chia/spider_ws/src/spider_bot/build/spider_bot/config/spider_bot_new_controllers.yaml -> /home/chia/spider_ws/src/spider_bot/install/spider_bot/share/spider_bot/config
[1.154s] creating /home/chia/spider_ws/src/spider_bot/install/spider_bot/share/spider_bot/urdf
[1.154s] symbolically linking /home/chia/spider_ws/src/spider_bot/build/spider_bot/urdf/spider_bot.urdf -> /home/chia/spider_ws/src/spider_bot/install/spider_bot/share/spider_bot/urdf
[1.154s] symbolically linking /home/chia/spider_ws/src/spider_bot/build/spider_bot/urdf/spider.urdf -> /home/chia/spider_ws/src/spider_bot/install/spider_bot/share/spider_bot/urdf
[1.154s] symbolically linking /home/chia/spider_ws/src/spider_bot/build/spider_bot/urdf/spider_tank.urdf -> /home/chia/spider_ws/src/spider_bot/install/spider_bot/share/spider_bot/urdf
[1.184s] Invoked command in '/home/chia/spider_ws/src/spider_bot/build/spider_bot' returned '0': PYTHONPATH=/home/chia/spider_ws/src/spider_bot/build/spider_bot/prefix_override:/usr/lib/python3/dist-packages/colcon_core/task/python/colcon_distutils_commands:/home/chia/spider_ws/src/spider_bot/install/spider_bot/lib/python3.10/site-packages:${PYTHONPATH} /usr/bin/python3 -W ignore:setup.py install is deprecated -W ignore:easy_install command is deprecated setup.py develop --editable --build-directory /home/chia/spider_ws/src/spider_bot/build/spider_bot/build --no-deps symlink_data
