[0.572s] Invoking command in '/home/chia/spider_ws/build/spider_bot': PYTHONPATH=/home/chia/spider_ws/build/spider_bot/prefix_override:/usr/lib/python3/dist-packages/colcon_core/task/python/colcon_distutils_commands:/home/chia/spider_ws/install/spider_bot/lib/python3.10/site-packages:${PYTHONPATH} /usr/bin/python3 -W ignore:setup.py install is deprecated -W ignore:easy_install command is deprecated setup.py develop --editable --build-directory /home/chia/spider_ws/build/spider_bot/build --no-deps symlink_data
[0.786s] running develop
[0.901s] running egg_info
[0.901s] writing spider_bot.egg-info/PKG-INFO
[0.902s] writing dependency_links to spider_bot.egg-info/dependency_links.txt
[0.902s] writing entry points to spider_bot.egg-info/entry_points.txt
[0.902s] writing requirements to spider_bot.egg-info/requires.txt
[0.903s] writing top-level names to spider_bot.egg-info/top_level.txt
[0.906s] reading manifest file 'spider_bot.egg-info/SOURCES.txt'
[0.907s] writing manifest file 'spider_bot.egg-info/SOURCES.txt'
[0.909s] running build_ext
[0.909s] Creating /home/chia/spider_ws/install/spider_bot/lib/python3.10/site-packages/spider-bot.egg-link (link to .)
[0.910s] Installing imu_reader script to /home/chia/spider_ws/install/spider_bot/lib/spider_bot
[0.910s] Installing plot_thesis script to /home/chia/spider_ws/install/spider_bot/lib/spider_bot
[0.911s] Installing run script to /home/chia/spider_ws/install/spider_bot/lib/spider_bot
[0.911s] Installing spider_bot_control script to /home/chia/spider_ws/install/spider_bot/lib/spider_bot
[0.911s] Installing standup script to /home/chia/spider_ws/install/spider_bot/lib/spider_bot
[0.911s] Installing tank script to /home/chia/spider_ws/install/spider_bot/lib/spider_bot
[0.911s] Installing test_node script to /home/chia/spider_ws/install/spider_bot/lib/spider_bot
[0.911s] 
[0.911s] Installed /home/chia/spider_ws/build/spider_bot
[0.911s] running symlink_data
[0.941s] Invoked command in '/home/chia/spider_ws/build/spider_bot' returned '0': PYTHONPATH=/home/chia/spider_ws/build/spider_bot/prefix_override:/usr/lib/python3/dist-packages/colcon_core/task/python/colcon_distutils_commands:/home/chia/spider_ws/install/spider_bot/lib/python3.10/site-packages:${PYTHONPATH} /usr/bin/python3 -W ignore:setup.py install is deprecated -W ignore:easy_install command is deprecated setup.py develop --editable --build-directory /home/chia/spider_ws/build/spider_bot/build --no-deps symlink_data
