[0.642s] Invoking command in '/home/chia/spider_ws/build/spider_bot': PYTHONPATH=/home/chia/spider_ws/build/spider_bot/prefix_override:/usr/lib/python3/dist-packages/colcon_core/task/python/colcon_distutils_commands:/home/chia/spider_ws/install/spider_bot/lib/python3.10/site-packages:${PYTHONPATH} /usr/bin/python3 -W ignore:setup.py install is deprecated -W ignore:easy_install command is deprecated setup.py develop --editable --build-directory /home/chia/spider_ws/build/spider_bot/build --no-deps symlink_data
[0.815s] running develop
[0.914s] running egg_info
[0.914s] writing spider_bot.egg-info/PKG-INFO
[0.914s] writing dependency_links to spider_bot.egg-info/dependency_links.txt
[0.915s] writing entry points to spider_bot.egg-info/entry_points.txt
[0.915s] writing requirements to spider_bot.egg-info/requires.txt
[0.915s] writing top-level names to spider_bot.egg-info/top_level.txt
[0.917s] reading manifest file 'spider_bot.egg-info/SOURCES.txt'
[0.918s] writing manifest file 'spider_bot.egg-info/SOURCES.txt'
[0.920s] running build_ext
[0.920s] Creating /home/chia/spider_ws/install/spider_bot/lib/python3.10/site-packages/spider-bot.egg-link (link to .)
[0.921s] Installing imu_reader script to /home/chia/spider_ws/install/spider_bot/lib/spider_bot
[0.921s] Installing plot_thesis script to /home/chia/spider_ws/install/spider_bot/lib/spider_bot
[0.922s] Installing run script to /home/chia/spider_ws/install/spider_bot/lib/spider_bot
[0.922s] Installing spider_bot_control script to /home/chia/spider_ws/install/spider_bot/lib/spider_bot
[0.922s] Installing standup script to /home/chia/spider_ws/install/spider_bot/lib/spider_bot
[0.922s] Installing tank script to /home/chia/spider_ws/install/spider_bot/lib/spider_bot
[0.922s] Installing test_node script to /home/chia/spider_ws/install/spider_bot/lib/spider_bot
[0.922s] 
[0.922s] Installed /home/chia/spider_ws/build/spider_bot
[0.922s] running symlink_data
[0.951s] Invoked command in '/home/chia/spider_ws/build/spider_bot' returned '0': PYTHONPATH=/home/chia/spider_ws/build/spider_bot/prefix_override:/usr/lib/python3/dist-packages/colcon_core/task/python/colcon_distutils_commands:/home/chia/spider_ws/install/spider_bot/lib/python3.10/site-packages:${PYTHONPATH} /usr/bin/python3 -W ignore:setup.py install is deprecated -W ignore:easy_install command is deprecated setup.py develop --editable --build-directory /home/chia/spider_ws/build/spider_bot/build --no-deps symlink_data
